[0831/094836.314:ERROR:process_memory_win.cc(73)] ReadMemory at 0x9b0000 of 64 bytes failed: Only part of a ReadProcessMemory or WriteProcessMemory request was completed. (0x12B)
[0831/094836.485:WARNING:pe_image_reader.cc(340)] could not read dos header from C:\Program Files\Google\Chrome\Application\chrome.exe
[0831/094836.485:ERROR:process_memory_win.cc(73)] ReadMemory at 0x77d30000 of 64 bytes failed: Only part of a ReadProcessMemory or WriteProcessMemory request was completed. (0x12B)
[0831/094836.485:WARNING:pe_image_reader.cc(340)] could not read dos header from C:\Windows\SYSTEM32\ntdll.dll
[0831/094836.485:ERROR:process_memory_win.cc(73)] ReadMemory at 0x75b00000 of 64 bytes failed: Only part of a ReadProcessMemory or WriteProcessMemory request was completed. (0x12B)
[0831/094836.486:WARNING:pe_image_reader.cc(340)] could not read dos header from C:\Windows\system32\KERNEL32.DLL
[0831/094836.486:ERROR:process_memory_win.cc(73)] ReadMemory at 0x74f40000 of 64 bytes failed: Only part of a ReadProcessMemory or WriteProcessMemory request was completed. (0x12B)
[0831/094836.486:WARNING:pe_image_reader.cc(340)] could not read dos header from C:\Windows\system32\KERNELBASE.dll
[0831/094836.486:ERROR:process_memory_win.cc(73)] ReadMemory at 0x53a80000 of 64 bytes failed: Only part of a ReadProcessMemory or WriteProcessMemory request was completed. (0x12B)
[0831/094836.486:WARNING:pe_image_reader.cc(340)] could not read dos header from C:\Program Files\Google\Chrome\Application\84.0.4147.135\chrome_elf.dll
[0831/094836.486:ERROR:process_memory_win.cc(73)] ReadMemory at 0x72c50000 of 64 bytes failed: Only part of a ReadProcessMemory or WriteProcessMemory request was completed. (0x12B)
[0831/094836.486:WARNING:pe_image_reader.cc(340)] could not read dos header from C:\Windows\SYSTEM32\VERSION.dll
[0831/094836.486:ERROR:process_memory_win.cc(73)] ReadMemory at 0x77aa0000 of 64 bytes failed: Only part of a ReadProcessMemory or WriteProcessMemory request was completed. (0x12B)
[0831/094836.486:WARNING:pe_image_reader.cc(340)] could not read dos header from C:\Windows\system32\msvcrt.dll
[0831/094836.486:ERROR:process_memory_win.cc(73)] ReadMemory at 0x77720000 of 64 bytes failed: Only part of a ReadProcessMemory or WriteProcessMemory request was completed. (0x12B)
[0831/094836.486:WARNING:pe_image_reader.cc(340)] could not read dos header from C:\Windows\system32\ADVAPI32.dll
[0831/094836.486:ERROR:process_memory_win.cc(73)] ReadMemory at 0x77b60000 of 64 bytes failed: Only part of a ReadProcessMemory or WriteProcessMemory request was completed. (0x12B)
[0831/094836.486:WARNING:pe_image_reader.cc(340)] could not read dos header from C:\Windows\system32\sechost.dll
[0831/094836.487:ERROR:process_memory_win.cc(73)] ReadMemory at 0x77980000 of 64 bytes failed: Only part of a ReadProcessMemory or WriteProcessMemory request was completed. (0x12B)
[0831/094836.487:WARNING:pe_image_reader.cc(340)] could not read dos header from C:\Windows\system32\RPCRT4.dll
[0831/094836.487:ERROR:process_memory_win.cc(73)] ReadMemory at 0xf750000 of 64 bytes failed: Only part of a ReadProcessMemory or WriteProcessMemory request was completed. (0x12B)
[0831/094836.487:WARNING:pe_image_reader.cc(340)] could not read dos header from C:\Program Files\Google\Chrome\Application\84.0.4147.135\chrome.dll
[0831/094836.487:ERROR:process_memory_win.cc(73)] ReadMemory at 0x75a80000 of 64 bytes failed: Only part of a ReadProcessMemory or WriteProcessMemory request was completed. (0x12B)
[0831/094836.487:WARNING:pe_image_reader.cc(340)] could not read dos header from C:\Windows\system32\WS2_32.dll
[0831/094836.487:ERROR:process_memory_win.cc(73)] ReadMemory at 0x761e0000 of 64 bytes failed: Only part of a ReadProcessMemory or WriteProcessMemory request was completed. (0x12B)
[0831/094836.487:WARNING:pe_image_reader.cc(340)] could not read dos header from C:\Windows\system32\NSI.dll
[0831/094836.487:ERROR:process_memory_win.cc(73)] ReadMemory at 0x778e0000 of 64 bytes failed: Only part of a ReadProcessMemory or WriteProcessMemory request was completed. (0x12B)
[0831/094836.487:WARNING:pe_image_reader.cc(340)] could not read dos header from C:\Windows\system32\OLEAUT32.dll
[0831/094836.487:ERROR:process_memory_win.cc(73)] ReadMemory at 0x75dd0000 of 64 bytes failed: Only part of a ReadProcessMemory or WriteProcessMemory request was completed. (0x12B)
[0831/094836.487:WARNING:pe_image_reader.cc(340)] could not read dos header from C:\Windows\system32\combase.dll
[0831/094836.487:ERROR:process_memory_win.cc(73)] ReadMemory at 0x752e0000 of 64 bytes failed: Only part of a ReadProcessMemory or WriteProcessMemory request was completed. (0x12B)
[0831/094836.488:WARNING:pe_image_reader.cc(340)] could not read dos header from C:\Windows\system32\WINTRUST.dll
[0831/094836.488:ERROR:process_memory_win.cc(73)] ReadMemory at 0x74ea0000 of 64 bytes failed: Only part of a ReadProcessMemory or WriteProcessMemory request was completed. (0x12B)
[0831/094836.488:WARNING:pe_image_reader.cc(340)] could not read dos header from C:\Windows\system32\MSASN1.dll
[0831/094836.488:ERROR:process_memory_win.cc(73)] ReadMemory at 0x75160000 of 64 bytes failed: Only part of a ReadProcessMemory or WriteProcessMemory request was completed. (0x12B)
[0831/094836.488:WARNING:pe_image_reader.cc(340)] could not read dos header from C:\Windows\system32\CRYPT32.dll
[0831/094836.488:ERROR:process_memory_win.cc(73)] ReadMemory at 0x6fc20000 of 64 bytes failed: Only part of a ReadProcessMemory or WriteProcessMemory request was completed. (0x12B)
[0831/094836.488:WARNING:pe_image_reader.cc(340)] could not read dos header from C:\Windows\SYSTEM32\IPHLPAPI.DLL
[0831/094836.488:ERROR:process_memory_win.cc(73)] ReadMemory at 0x736b0000 of 64 bytes failed: Only part of a ReadProcessMemory or WriteProcessMemory request was completed. (0x12B)
[0831/094836.488:WARNING:pe_image_reader.cc(340)] could not read dos header from C:\Windows\SYSTEM32\WINMM.dll
[0831/094836.488:ERROR:process_memory_win.cc(73)] ReadMemory at 0x777a0000 of 64 bytes failed: Only part of a ReadProcessMemory or WriteProcessMemory request was completed. (0x12B)
[0831/094836.488:WARNING:pe_image_reader.cc(340)] could not read dos header from C:\Windows\system32\USER32.dll
[0831/094836.488:ERROR:process_memory_win.cc(73)] ReadMemory at 0x76080000 of 64 bytes failed: Only part of a ReadProcessMemory or WriteProcessMemory request was completed. (0x12B)
[0831/094836.488:WARNING:pe_image_reader.cc(340)] could not read dos header from C:\Windows\system32\GDI32.dll
[0831/094836.488:ERROR:process_memory_win.cc(73)] ReadMemory at 0x6c530000 of 64 bytes failed: Only part of a ReadProcessMemory or WriteProcessMemory request was completed. (0x12B)
[0831/094836.488:WARNING:pe_image_reader.cc(340)] could not read dos header from C:\Windows\SYSTEM32\Secur32.dll
[0831/094836.488:ERROR:process_memory_win.cc(73)] ReadMemory at 0x743b0000 of 64 bytes failed: Only part of a ReadProcessMemory or WriteProcessMemory request was completed. (0x12B)
[0831/094836.489:WARNING:pe_image_reader.cc(340)] could not read dos header from C:\Windows\SYSTEM32\USERENV.dll
[0831/094836.489:ERROR:process_memory_win.cc(73)] ReadMemory at 0x74e80000 of 64 bytes failed: Only part of a ReadProcessMemory or WriteProcessMemory request was completed. (0x12B)
[0831/094836.489:WARNING:pe_image_reader.cc(340)] could not read dos header from C:\Windows\system32\profapi.dll
[0831/094836.489:ERROR:process_memory_win.cc(73)] ReadMemory at 0x6aec0000 of 64 bytes failed: Only part of a ReadProcessMemory or WriteProcessMemory request was completed. (0x12B)
[0831/094836.489:WARNING:pe_image_reader.cc(340)] could not read dos header from C:\Windows\SYSTEM32\UIAutomationCore.DLL
[0831/094836.489:ERROR:process_memory_win.cc(73)] ReadMemory at 0x54550000 of 64 bytes failed: Only part of a ReadProcessMemory or WriteProcessMemory request was completed. (0x12B)
[0831/094836.489:WARNING:pe_image_reader.cc(340)] could not read dos header from C:\Windows\SYSTEM32\DWrite.dll
[0831/094836.489:ERROR:process_memory_win.cc(73)] ReadMemory at 0x6e380000 of 64 bytes failed: Only part of a ReadProcessMemory or WriteProcessMemory request was completed. (0x12B)
[0831/094836.489:WARNING:pe_image_reader.cc(340)] could not read dos header from C:\Windows\SYSTEM32\WINSPOOL.DRV
[0831/094836.489:ERROR:process_memory_win.cc(73)] ReadMemory at 0x67410000 of 64 bytes failed: Only part of a ReadProcessMemory or WriteProcessMemory request was completed. (0x12B)
[0831/094836.489:WARNING:pe_image_reader.cc(340)] could not read dos header from C:\Windows\SYSTEM32\dbghelp.dll
[0831/094836.489:ERROR:process_memory_win.cc(73)] ReadMemory at 0x6e6e0000 of 64 bytes failed: Only part of a ReadProcessMemory or WriteProcessMemory request was completed. (0x12B)
[0831/094836.489:WARNING:pe_image_reader.cc(340)] could not read dos header from C:\Windows\SYSTEM32\WINHTTP.dll
[0831/094836.489:ERROR:process_memory_win.cc(73)] ReadMemory at 0x6fbe0000 of 64 bytes failed: Only part of a ReadProcessMemory or WriteProcessMemory request was completed. (0x12B)
[0831/094836.490:WARNING:pe_image_reader.cc(340)] could not read dos header from C:\Windows\SYSTEM32\dhcpcsvc.DLL
[0831/094836.490:ERROR:process_memory_win.cc(73)] ReadMemory at 0x71740000 of 64 bytes failed: Only part of a ReadProcessMemory or WriteProcessMemory request was completed. (0x12B)
[0831/094836.490:WARNING:pe_image_reader.cc(340)] could not read dos header from C:\Windows\SYSTEM32\WINNSI.DLL
[0831/094836.490:ERROR:process_memory_win.cc(73)] ReadMemory at 0x73660000 of 64 bytes failed: Only part of a ReadProcessMemory or WriteProcessMemory request was completed. (0x12B)
[0831/094836.490:WARNING:pe_image_reader.cc(340)] could not read dos header from C:\Windows\SYSTEM32\WINMMBASE.dll
[0831/094836.490:ERROR:process_memory_win.cc(73)] ReadMemory at 0x74f00000 of 64 bytes failed: Only part of a ReadProcessMemory or WriteProcessMemory request was completed. (0x12B)
[0831/094836.490:WARNING:pe_image_reader.cc(340)] could not read dos header from C:\Windows\system32\cfgmgr32.dll
[0831/094836.490:ERROR:process_memory_win.cc(73)] ReadMemory at 0x74c20000 of 64 bytes failed: Only part of a ReadProcessMemory or WriteProcessMemory request was completed. (0x12B)
[0831/094836.490:WARNING:pe_image_reader.cc(340)] could not read dos header from C:\Windows\SYSTEM32\bcrypt.dll
[0831/094836.490:ERROR:process_memory_win.cc(73)] ReadMemory at 0x74ab0000 of 64 bytes failed: Only part of a ReadProcessMemory or WriteProcessMemory request was completed. (0x12B)
[0831/094836.490:WARNING:pe_image_reader.cc(340)] could not read dos header from C:\Windows\SYSTEM32\DEVOBJ.dll
[0831/094836.490:ERROR:process_memory_win.cc(73)] ReadMemory at 0x748b0000 of 64 bytes failed: Only part of a ReadProcessMemory or WriteProcessMemory request was completed. (0x12B)
[0831/094836.490:WARNING:pe_image_reader.cc(340)] could not read dos header from C:\Windows\SYSTEM32\SSPICLI.DLL
[0831/094836.490:ERROR:process_memory_win.cc(73)] ReadMemory at 0x75a50000 of 64 bytes failed: Only part of a ReadProcessMemory or WriteProcessMemory request was completed. (0x12B)
[0831/094836.490:WARNING:pe_image_reader.cc(340)] could not read dos header from C:\Windows\system32\IMM32.DLL
[0831/094836.491:ERROR:process_memory_win.cc(73)] ReadMemory at 0x77bb0000 of 64 bytes failed: Only part of a ReadProcessMemory or WriteProcessMemory request was completed. (0x12B)
[0831/094836.491:WARNING:pe_image_reader.cc(340)] could not read dos header from C:\Windows\system32\MSCTF.dll
[0831/094836.491:ERROR:process_memory_win.cc(73)] ReadMemory at 0x74d20000 of 64 bytes failed: Only part of a ReadProcessMemory or WriteProcessMemory request was completed. (0x12B)
[0831/094836.491:WARNING:pe_image_reader.cc(340)] could not read dos header from C:\Windows\SYSTEM32\bcryptPrimitives.dll
[0831/094836.491:ERROR:process_memory_win.cc(73)] ReadMemory at 0x74a00000 of 64 bytes failed: Only part of a ReadProcessMemory or WriteProcessMemory request was completed. (0x12B)
[0831/094836.491:WARNING:pe_image_reader.cc(340)] could not read dos header from C:\Windows\SYSTEM32\CRYPTBASE.DLL
[0831/094836.924:ERROR:process_memory_win.cc(73)] ReadMemory at 0x3ddc000 of 16384 bytes failed: Only part of a ReadProcessMemory or WriteProcessMemory request was completed. (0x12B)
[0831/094836.924:ERROR:process_memory_win.cc(73)] ReadMemory at 0x5cfe000 of 8192 bytes failed: Only part of a ReadProcessMemory or WriteProcessMemory request was completed. (0x12B)
[0831/094836.924:ERROR:process_memory_win.cc(73)] ReadMemory at 0x5dfe000 of 8192 bytes failed: Only part of a ReadProcessMemory or WriteProcessMemory request was completed. (0x12B)
[0831/094836.924:ERROR:process_memory_win.cc(73)] ReadMemory at 0x5efe000 of 8192 bytes failed: Only part of a ReadProcessMemory or WriteProcessMemory request was completed. (0x12B)
[0831/094836.924:ERROR:process_memory_win.cc(73)] ReadMemory at 0x5ffe000 of 8192 bytes failed: Only part of a ReadProcessMemory or WriteProcessMemory request was completed. (0x12B)
[0831/094836.924:ERROR:process_memory_win.cc(73)] ReadMemory at 0x617f000 of 4096 bytes failed: Only part of a ReadProcessMemory or WriteProcessMemory request was completed. (0x12B)
[0831/094836.925:ERROR:process_memory_win.cc(73)] ReadMemory at 0x627e000 of 8192 bytes failed: Only part of a ReadProcessMemory or WriteProcessMemory request was completed. (0x12B)
[0831/094836.925:ERROR:process_memory_win.cc(73)] ReadMemory at 0x697d000 of 12288 bytes failed: Only part of a ReadProcessMemory or WriteProcessMemory request was completed. (0x12B)
[0831/094836.925:ERROR:process_memory_win.cc(73)] ReadMemory at 0x6b7e000 of 8192 bytes failed: Only part of a ReadProcessMemory or WriteProcessMemory request was completed. (0x12B)
[0831/094836.925:ERROR:process_memory_win.cc(73)] ReadMemory at 0x6c7e000 of 8192 bytes failed: Only part of a ReadProcessMemory or WriteProcessMemory request was completed. (0x12B)
[0831/094836.925:ERROR:process_memory_win.cc(73)] ReadMemory at 0x6d7e000 of 8192 bytes failed: Only part of a ReadProcessMemory or WriteProcessMemory request was completed. (0x12B)
[0831/094836.925:ERROR:process_memory_win.cc(73)] ReadMemory at 0x7c1f000 of 4096 bytes failed: Only part of a ReadProcessMemory or WriteProcessMemory request was completed. (0x12B)
[0831/094836.925:ERROR:process_memory_win.cc(73)] ReadMemory at 0x3f004a0 of 72 bytes failed: Only part of a ReadProcessMemory or WriteProcessMemory request was completed. (0x12B)
[0831/094836.925:ERROR:process_memory_win.cc(73)] ReadMemory at 0x3f005c8 of 15540 bytes failed: Only part of a ReadProcessMemory or WriteProcessMemory request was completed. (0x12B)
[0831/094836.925:ERROR:process_memory_win.cc(73)] ReadMemory at 0x3f04288 of 660 bytes failed: Only part of a ReadProcessMemory or WriteProcessMemory request was completed. (0x12B)
[0831/094836.925:ERROR:process_memory_win.cc(73)] ReadMemory at 0x3f04734 of 106 bytes failed: Only part of a ReadProcessMemory or WriteProcessMemory request was completed. (0x12B)
[0831/094836.925:ERROR:process_memory_win.cc(73)] ReadMemory at 0x3f047a0 of 794 bytes failed: Only part of a ReadProcessMemory or WriteProcessMemory request was completed. (0x12B)
[0831/094836.925:ERROR:process_memory_win.cc(73)] ReadMemory at 0x3f04abc of 106 bytes failed: Only part of a ReadProcessMemory or WriteProcessMemory request was completed. (0x12B)
[0831/094836.926:ERROR:process_memory_win.cc(73)] ReadMemory at 0x3f04b28 of 102 bytes failed: Only part of a ReadProcessMemory or WriteProcessMemory request was completed. (0x12B)
[0831/094836.926:ERROR:process_memory_win.cc(73)] ReadMemory at 0x3f04ba0 of 58 bytes failed: Only part of a ReadProcessMemory or WriteProcessMemory request was completed. (0x12B)
[0831/094836.926:ERROR:process_memory_win.cc(73)] ReadMemory at 0x3f04c90 of 72 bytes failed: Only part of a ReadProcessMemory or WriteProcessMemory request was completed. (0x12B)
[0831/094836.926:ERROR:process_memory_win.cc(73)] ReadMemory at 0x3f04d70 of 72 bytes failed: Only part of a ReadProcessMemory or WriteProcessMemory request was completed. (0x12B)
[0831/094836.926:ERROR:process_memory_win.cc(73)] ReadMemory at 0x3f04e68 of 114 bytes failed: Only part of a ReadProcessMemory or WriteProcessMemory request was completed. (0x12B)
[0831/094836.926:ERROR:process_memory_win.cc(73)] ReadMemory at 0x3f05188 of 72 bytes failed: Only part of a ReadProcessMemory or WriteProcessMemory request was completed. (0x12B)
[0831/094836.926:ERROR:process_memory_win.cc(73)] ReadMemory at 0x3f05268 of 64 bytes failed: Only part of a ReadProcessMemory or WriteProcessMemory request was completed. (0x12B)
[0831/094836.926:ERROR:process_memory_win.cc(73)] ReadMemory at 0x3f05450 of 72 bytes failed: Only part of a ReadProcessMemory or WriteProcessMemory request was completed. (0x12B)
[0831/094836.926:ERROR:process_memory_win.cc(73)] ReadMemory at 0x3f05530 of 68 bytes failed: Only part of a ReadProcessMemory or WriteProcessMemory request was completed. (0x12B)
[0831/094836.926:ERROR:process_memory_win.cc(73)] ReadMemory at 0x3f08fe8 of 72 bytes failed: Only part of a ReadProcessMemory or WriteProcessMemory request was completed. (0x12B)
[0831/094836.926:ERROR:process_memory_win.cc(73)] ReadMemory at 0x3f09090 of 142 bytes failed: Only part of a ReadProcessMemory or WriteProcessMemory request was completed. (0x12B)
[0831/094836.926:ERROR:process_memory_win.cc(73)] ReadMemory at 0x3f09a80 of 62 bytes failed: Only part of a ReadProcessMemory or WriteProcessMemory request was completed. (0x12B)
[0831/094836.926:ERROR:process_memory_win.cc(73)] ReadMemory at 0x3f09ac8 of 72 bytes failed: Only part of a ReadProcessMemory or WriteProcessMemory request was completed. (0x12B)
[0831/094836.926:ERROR:process_memory_win.cc(73)] ReadMemory at 0x3f09ba8 of 60 bytes failed: Only part of a ReadProcessMemory or WriteProcessMemory request was completed. (0x12B)
[0831/094836.927:ERROR:process_memory_win.cc(73)] ReadMemory at 0x3f100c0 of 60 bytes failed: Only part of a ReadProcessMemory or WriteProcessMemory request was completed. (0x12B)
[0831/094836.927:ERROR:process_memory_win.cc(73)] ReadMemory at 0x3f102b8 of 60 bytes failed: Only part of a ReadProcessMemory or WriteProcessMemory request was completed. (0x12B)
[0831/094836.927:ERROR:process_memory_win.cc(73)] ReadMemory at 0x3f10618 of 62 bytes failed: Only part of a ReadProcessMemory or WriteProcessMemory request was completed. (0x12B)
[0831/094836.927:ERROR:process_memory_win.cc(73)] ReadMemory at 0x3f10660 of 62 bytes failed: Only part of a ReadProcessMemory or WriteProcessMemory request was completed. (0x12B)
[0831/094836.927:ERROR:process_memory_win.cc(73)] ReadMemory at 0x3f191f0 of 64 bytes failed: Only part of a ReadProcessMemory or WriteProcessMemory request was completed. (0x12B)
[0831/094836.927:ERROR:process_memory_win.cc(73)] ReadMemory at 0x3f19b20 of 72 bytes failed: Only part of a ReadProcessMemory or WriteProcessMemory request was completed. (0x12B)
[0831/094836.927:ERROR:process_memory_win.cc(73)] ReadMemory at 0x3f19bc8 of 72 bytes failed: Only part of a ReadProcessMemory or WriteProcessMemory request was completed. (0x12B)
[0831/094836.927:ERROR:process_memory_win.cc(73)] ReadMemory at 0x3f19c70 of 72 bytes failed: Only part of a ReadProcessMemory or WriteProcessMemory request was completed. (0x12B)
[0831/094836.927:ERROR:process_memory_win.cc(73)] ReadMemory at 0x3f19d18 of 72 bytes failed: Only part of a ReadProcessMemory or WriteProcessMemory request was completed. (0x12B)
[0831/094836.927:ERROR:process_memory_win.cc(73)] ReadMemory at 0x3f19dc0 of 72 bytes failed: Only part of a ReadProcessMemory or WriteProcessMemory request was completed. (0x12B)
[0831/094836.927:ERROR:process_memory_win.cc(73)] ReadMemory at 0x3f19e68 of 72 bytes failed: Only part of a ReadProcessMemory or WriteProcessMemory request was completed. (0x12B)
[0831/094836.927:ERROR:process_memory_win.cc(73)] ReadMemory at 0x3f19f10 of 72 bytes failed: Only part of a ReadProcessMemory or WriteProcessMemory request was completed. (0x12B)
[0831/094836.927:ERROR:process_memory_win.cc(73)] ReadMemory at 0x3f19fb8 of 72 bytes failed: Only part of a ReadProcessMemory or WriteProcessMemory request was completed. (0x12B)
[0831/094836.927:ERROR:process_memory_win.cc(73)] ReadMemory at 0x3f1a060 of 72 bytes failed: Only part of a ReadProcessMemory or WriteProcessMemory request was completed. (0x12B)
[0831/094836.927:ERROR:process_memory_win.cc(73)] ReadMemory at 0x3f1a108 of 72 bytes failed: Only part of a ReadProcessMemory or WriteProcessMemory request was completed. (0x12B)
[0831/094836.928:ERROR:process_memory_win.cc(73)] ReadMemory at 0x3f1a1b0 of 72 bytes failed: Only part of a ReadProcessMemory or WriteProcessMemory request was completed. (0x12B)
[0831/094836.928:ERROR:process_memory_win.cc(73)] ReadMemory at 0x3f1a300 of 72 bytes failed: Only part of a ReadProcessMemory or WriteProcessMemory request was completed. (0x12B)
[0831/094836.928:ERROR:process_memory_win.cc(73)] ReadMemory at 0x3f1a3a8 of 72 bytes failed: Only part of a ReadProcessMemory or WriteProcessMemory request was completed. (0x12B)
[0831/094836.928:ERROR:process_memory_win.cc(73)] ReadMemory at 0x3f1a450 of 72 bytes failed: Only part of a ReadProcessMemory or WriteProcessMemory request was completed. (0x12B)
[0831/094836.928:ERROR:process_memory_win.cc(73)] ReadMemory at 0x3f1a4f8 of 72 bytes failed: Only part of a ReadProcessMemory or WriteProcessMemory request was completed. (0x12B)
[0831/094836.928:ERROR:process_memory_win.cc(73)] ReadMemory at 0x3f1a5a0 of 72 bytes failed: Only part of a ReadProcessMemory or WriteProcessMemory request was completed. (0x12B)
[0831/094836.928:ERROR:process_memory_win.cc(73)] ReadMemory at 0x3f1a648 of 72 bytes failed: Only part of a ReadProcessMemory or WriteProcessMemory request was completed. (0x12B)
[0831/094836.928:ERROR:process_memory_win.cc(73)] ReadMemory at 0x3f1a6f0 of 72 bytes failed: Only part of a ReadProcessMemory or WriteProcessMemory request was completed. (0x12B)
[0831/094836.928:ERROR:process_memory_win.cc(73)] ReadMemory at 0x3f1a798 of 72 bytes failed: Only part of a ReadProcessMemory or WriteProcessMemory request was completed. (0x12B)
[0831/094836.928:ERROR:process_memory_win.cc(73)] ReadMemory at 0x3f1a840 of 72 bytes failed: Only part of a ReadProcessMemory or WriteProcessMemory request was completed. (0x12B)
[0831/094836.929:ERROR:process_memory_win.cc(73)] ReadMemory at 0x3f1a8e8 of 72 bytes failed: Only part of a ReadProcessMemory or WriteProcessMemory request was completed. (0x12B)
[0831/094836.929:ERROR:process_memory_win.cc(73)] ReadMemory at 0x3f1a990 of 72 bytes failed: Only part of a ReadProcessMemory or WriteProcessMemory request was completed. (0x12B)
[0831/094836.929:ERROR:process_memory_win.cc(73)] ReadMemory at 0x3f1aa38 of 72 bytes failed: Only part of a ReadProcessMemory or WriteProcessMemory request was completed. (0x12B)
[0831/094836.929:ERROR:process_memory_win.cc(73)] ReadMemory at 0x3f1cb80 of 54 bytes failed: Only part of a ReadProcessMemory or WriteProcessMemory request was completed. (0x12B)
[0831/094836.929:ERROR:process_memory_win.cc(73)] ReadMemory at 0x3f1df20 of 134 bytes failed: Only part of a ReadProcessMemory or WriteProcessMemory request was completed. (0x12B)
[0831/094836.929:ERROR:process_memory_win.cc(73)] ReadMemory at 0x3f1e9a8 of 58 bytes failed: Only part of a ReadProcessMemory or WriteProcessMemory request was completed. (0x12B)
[0831/094836.929:ERROR:process_memory_win.cc(73)] ReadMemory at 0x3f1ea38 of 58 bytes failed: Only part of a ReadProcessMemory or WriteProcessMemory request was completed. (0x12B)
[0831/094836.929:ERROR:process_memory_win.cc(73)] ReadMemory at 0x3f1ea80 of 60 bytes failed: Only part of a ReadProcessMemory or WriteProcessMemory request was completed. (0x12B)
[0831/094836.929:ERROR:process_memory_win.cc(73)] ReadMemory at 0x3f1eac8 of 62 bytes failed: Only part of a ReadProcessMemory or WriteProcessMemory request was completed. (0x12B)
[0831/094836.929:ERROR:process_memory_win.cc(73)] ReadMemory at 0x3f1eb10 of 60 bytes failed: Only part of a ReadProcessMemory or WriteProcessMemory request was completed. (0x12B)
[0831/094836.929:ERROR:process_memory_win.cc(73)] ReadMemory at 0x3f1eb58 of 60 bytes failed: Only part of a ReadProcessMemory or WriteProcessMemory request was completed. (0x12B)
[0831/094836.929:ERROR:process_memory_win.cc(73)] ReadMemory at 0x3f1eba0 of 58 bytes failed: Only part of a ReadProcessMemory or WriteProcessMemory request was completed. (0x12B)
[0831/094836.929:ERROR:process_memory_win.cc(73)] ReadMemory at 0x3f1ec30 of 58 bytes failed: Only part of a ReadProcessMemory or WriteProcessMemory request was completed. (0x12B)
[0831/094836.929:ERROR:process_memory_win.cc(73)] ReadMemory at 0x3f1ec78 of 60 bytes failed: Only part of a ReadProcessMemory or WriteProcessMemory request was completed. (0x12B)
[0831/094836.929:ERROR:process_memory_win.cc(73)] ReadMemory at 0x3f1ecc0 of 60 bytes failed: Only part of a ReadProcessMemory or WriteProcessMemory request was completed. (0x12B)
[0831/094836.929:ERROR:process_memory_win.cc(73)] ReadMemory at 0x3f1ed08 of 62 bytes failed: Only part of a ReadProcessMemory or WriteProcessMemory request was completed. (0x12B)
[0831/094836.930:ERROR:process_memory_win.cc(73)] ReadMemory at 0x3f1ede0 of 62 bytes failed: Only part of a ReadProcessMemory or WriteProcessMemory request was completed. (0x12B)
[0831/094836.930:ERROR:process_memory_win.cc(73)] ReadMemory at 0x3f1ee28 of 60 bytes failed: Only part of a ReadProcessMemory or WriteProcessMemory request was completed. (0x12B)
[0831/094836.930:ERROR:process_memory_win.cc(73)] ReadMemory at 0x3f1ee70 of 62 bytes failed: Only part of a ReadProcessMemory or WriteProcessMemory request was completed. (0x12B)
[0831/094836.930:ERROR:process_memory_win.cc(73)] ReadMemory at 0x3f1eeb8 of 62 bytes failed: Only part of a ReadProcessMemory or WriteProcessMemory request was completed. (0x12B)
[0831/094836.930:ERROR:process_memory_win.cc(73)] ReadMemory at 0x3f1ef00 of 62 bytes failed: Only part of a ReadProcessMemory or WriteProcessMemory request was completed. (0x12B)
[0831/094836.930:ERROR:process_memory_win.cc(73)] ReadMemory at 0x3f1ef48 of 62 bytes failed: Only part of a ReadProcessMemory or WriteProcessMemory request was completed. (0x12B)
[0831/094836.930:ERROR:process_memory_win.cc(73)] ReadMemory at 0x3f20f78 of 64 bytes failed: Only part of a ReadProcessMemory or WriteProcessMemory request was completed. (0x12B)
[0831/094836.930:ERROR:process_memory_win.cc(73)] ReadMemory at 0x3f20fc8 of 66 bytes failed: Only part of a ReadProcessMemory or WriteProcessMemory request was completed. (0x12B)
[0831/094836.930:ERROR:process_memory_win.cc(73)] ReadMemory at 0x3f211a8 of 64 bytes failed: Only part of a ReadProcessMemory or WriteProcessMemory request was completed. (0x12B)
[0831/094836.930:ERROR:process_memory_win.cc(73)] ReadMemory at 0x3f212e8 of 64 bytes failed: Only part of a ReadProcessMemory or WriteProcessMemory request was completed. (0x12B)
[0831/094836.930:ERROR:process_memory_win.cc(73)] ReadMemory at 0x3f21478 of 64 bytes failed: Only part of a ReadProcessMemory or WriteProcessMemory request was completed. (0x12B)
[0831/094836.930:ERROR:process_memory_win.cc(73)] ReadMemory at 0x3f215b8 of 64 bytes failed: Only part of a ReadProcessMemory or WriteProcessMemory request was completed. (0x12B)
[0831/094836.930:ERROR:process_memory_win.cc(73)] ReadMemory at 0x3f21608 of 64 bytes failed: Only part of a ReadProcessMemory or WriteProcessMemory request was completed. (0x12B)
[0831/094836.930:ERROR:process_memory_win.cc(73)] ReadMemory at 0x3f227a0 of 80 bytes failed: Only part of a ReadProcessMemory or WriteProcessMemory request was completed. (0x12B)
[0831/094836.930:ERROR:process_memory_win.cc(73)] ReadMemory at 0x3f23698 of 72 bytes failed: Only part of a ReadProcessMemory or WriteProcessMemory request was completed. (0x12B)
[0831/094836.930:ERROR:process_memory_win.cc(73)] ReadMemory at 0x3f23740 of 72 bytes failed: Only part of a ReadProcessMemory or WriteProcessMemory request was completed. (0x12B)
[0831/094836.930:ERROR:process_memory_win.cc(73)] ReadMemory at 0x3f237e8 of 72 bytes failed: Only part of a ReadProcessMemory or WriteProcessMemory request was completed. (0x12B)
[0831/094836.930:ERROR:process_memory_win.cc(73)] ReadMemory at 0x3f23890 of 72 bytes failed: Only part of a ReadProcessMemory or WriteProcessMemory request was completed. (0x12B)
[0831/094836.931:ERROR:process_memory_win.cc(73)] ReadMemory at 0x3f23938 of 72 bytes failed: Only part of a ReadProcessMemory or WriteProcessMemory request was completed. (0x12B)
[0831/094836.931:ERROR:process_memory_win.cc(73)] ReadMemory at 0x3f239e0 of 72 bytes failed: Only part of a ReadProcessMemory or WriteProcessMemory request was completed. (0x12B)
[0831/094836.931:ERROR:process_memory_win.cc(73)] ReadMemory at 0x3f23b30 of 72 bytes failed: Only part of a ReadProcessMemory or WriteProcessMemory request was completed. (0x12B)
[0831/094836.931:ERROR:process_memory_win.cc(73)] ReadMemory at 0x3f240b0 of 612 bytes failed: Only part of a ReadProcessMemory or WriteProcessMemory request was completed. (0x12B)
[0831/094836.931:ERROR:process_memory_win.cc(73)] ReadMemory at 0x3f24508 of 72 bytes failed: Only part of a ReadProcessMemory or WriteProcessMemory request was completed. (0x12B)
[0831/094836.931:ERROR:process_memory_win.cc(73)] ReadMemory at 0x3f24700 of 72 bytes failed: Only part of a ReadProcessMemory or WriteProcessMemory request was completed. (0x12B)
[0831/094836.931:ERROR:process_memory_win.cc(73)] ReadMemory at 0x3f279a0 of 80 bytes failed: Only part of a ReadProcessMemory or WriteProcessMemory request was completed. (0x12B)
[0831/094836.931:ERROR:process_memory_win.cc(73)] ReadMemory at 0x3f61ca0 of 512 bytes failed: Only part of a ReadProcessMemory or WriteProcessMemory request was completed. (0x12B)
[0831/094836.931:ERROR:process_memory_win.cc(73)] ReadMemory at 0x3f627d0 of 512 bytes failed: Only part of a ReadProcessMemory or WriteProcessMemory request was completed. (0x12B)
[0831/094836.931:ERROR:process_memory_win.cc(73)] ReadMemory at 0x3f6eb50 of 512 bytes failed: Only part of a ReadProcessMemory or WriteProcessMemory request was completed. (0x12B)
[0831/094836.931:ERROR:process_memory_win.cc(73)] ReadMemory at 0x3f707c0 of 512 bytes failed: Only part of a ReadProcessMemory or WriteProcessMemory request was completed. (0x12B)
[0831/094836.931:ERROR:process_memory_win.cc(73)] ReadMemory at 0x5808648 of 524 bytes failed: Only part of a ReadProcessMemory or WriteProcessMemory request was completed. (0x12B)
[0831/094836.931:ERROR:process_memory_win.cc(73)] ReadMemory at 0x6702090 of 512 bytes failed: Only part of a ReadProcessMemory or WriteProcessMemory request was completed. (0x12B)
[0831/094836.931:ERROR:process_memory_win.cc(73)] ReadMemory at 0x67043a8 of 524 bytes failed: Only part of a ReadProcessMemory or WriteProcessMemory request was completed. (0x12B)
[0831/094836.931:ERROR:process_memory_win.cc(73)] ReadMemory at 0x1346e620 of 512 bytes failed: Only part of a ReadProcessMemory or WriteProcessMemory request was completed. (0x12B)
[0831/094836.931:ERROR:process_memory_win.cc(73)] ReadMemory at 0x156cf330 of 512 bytes failed: Only part of a ReadProcessMemory or WriteProcessMemory request was completed. (0x12B)
[0831/094836.931:ERROR:process_memory_win.cc(73)] ReadMemory at 0x15a1ee50 of 512 bytes failed: Only part of a ReadProcessMemory or WriteProcessMemory request was completed. (0x12B)
[0831/094836.932:ERROR:process_memory_win.cc(73)] ReadMemory at 0x15a8ddd0 of 512 bytes failed: Only part of a ReadProcessMemory or WriteProcessMemory request was completed. (0x12B)
[0831/094836.932:ERROR:process_memory_win.cc(73)] ReadMemory at 0x15bd79f0 of 512 bytes failed: Only part of a ReadProcessMemory or WriteProcessMemory request was completed. (0x12B)
[0831/094836.932:ERROR:process_memory_win.cc(73)] ReadMemory at 0x53aa2b1e of 512 bytes failed: Only part of a ReadProcessMemory or WriteProcessMemory request was completed. (0x12B)
[0831/094836.932:ERROR:process_memory_win.cc(73)] ReadMemory at 0x53aa31d2 of 512 bytes failed: Only part of a ReadProcessMemory or WriteProcessMemory request was completed. (0x12B)
[0831/094836.932:ERROR:process_memory_win.cc(73)] ReadMemory at 0x75b1a290 of 512 bytes failed: Only part of a ReadProcessMemory or WriteProcessMemory request was completed. (0x12B)
[0831/094836.932:ERROR:process_memory_win.cc(73)] ReadMemory at 0x77d36c08 of 18 bytes failed: Only part of a ReadProcessMemory or WriteProcessMemory request was completed. (0x12B)
[0831/094836.932:ERROR:process_memory_win.cc(73)] ReadMemory at 0x77db44d0 of 512 bytes failed: Only part of a ReadProcessMemory or WriteProcessMemory request was completed. (0x12B)
[0831/094836.932:ERROR:process_memory_win.cc(73)] ReadMemory at 0x77e37410 of 24 bytes failed: Only part of a ReadProcessMemory or WriteProcessMemory request was completed. (0x12B)
[0831/094836.932:ERROR:process_memory_win.cc(73)] ReadMemory at 0x77e37b7c of 32 bytes failed: Only part of a ReadProcessMemory or WriteProcessMemory request was completed. (0x12B)
[0831/094836.932:ERROR:process_memory_win.cc(73)] ReadMemory at 0x77e39aa0 of 36 bytes failed: Only part of a ReadProcessMemory or WriteProcessMemory request was completed. (0x12B)
[0831/094836.933:ERROR:process_memory_win.cc(73)] ReadMemory at 0x7f553000 of 3992 bytes failed: Only part of a ReadProcessMemory or WriteProcessMemory request was completed. (0x12B)
[0831/094836.933:ERROR:process_memory_win.cc(73)] ReadMemory at 0x7f554000 of 3992 bytes failed: Only part of a ReadProcessMemory or WriteProcessMemory request was completed. (0x12B)
[0831/094836.933:ERROR:process_memory_win.cc(73)] ReadMemory at 0x7f555000 of 560 bytes failed: Only part of a ReadProcessMemory or WriteProcessMemory request was completed. (0x12B)
[0831/094836.933:ERROR:process_memory_win.cc(73)] ReadMemory at 0x7f556000 of 3992 bytes failed: Only part of a ReadProcessMemory or WriteProcessMemory request was completed. (0x12B)
[0831/094836.933:ERROR:process_memory_win.cc(73)] ReadMemory at 0x7f557000 of 3992 bytes failed: Only part of a ReadProcessMemory or WriteProcessMemory request was completed. (0x12B)
[0831/094836.933:ERROR:process_memory_win.cc(73)] ReadMemory at 0x7f558000 of 3992 bytes failed: Only part of a ReadProcessMemory or WriteProcessMemory request was completed. (0x12B)
[0831/094836.933:ERROR:process_memory_win.cc(73)] ReadMemory at 0x7f559000 of 3992 bytes failed: Only part of a ReadProcessMemory or WriteProcessMemory request was completed. (0x12B)
[0831/094836.933:ERROR:process_memory_win.cc(73)] ReadMemory at 0x7f55a000 of 3992 bytes failed: Only part of a ReadProcessMemory or WriteProcessMemory request was completed. (0x12B)
[0831/094836.933:ERROR:process_memory_win.cc(73)] ReadMemory at 0x7f55b000 of 3992 bytes failed: Only part of a ReadProcessMemory or WriteProcessMemory request was completed. (0x12B)
[0831/094836.933:ERROR:process_memory_win.cc(73)] ReadMemory at 0x7f55c000 of 3992 bytes failed: Only part of a ReadProcessMemory or WriteProcessMemory request was completed. (0x12B)
[0831/094836.934:ERROR:process_memory_win.cc(73)] ReadMemory at 0x7f55d000 of 3992 bytes failed: Only part of a ReadProcessMemory or WriteProcessMemory request was completed. (0x12B)
[0831/094836.934:ERROR:process_memory_win.cc(73)] ReadMemory at 0x7f55e000 of 3992 bytes failed: Only part of a ReadProcessMemory or WriteProcessMemory request was completed. (0x12B)
[0831/094836.934:ERROR:process_memory_win.cc(73)] ReadMemory at 0x7f55f000 of 3992 bytes failed: Only part of a ReadProcessMemory or WriteProcessMemory request was completed. (0x12B)
[0831/094837.059:ERROR:scoped_process_suspend.cc(40)] NtResumeProcess: An attempt was made to access an exiting process. (0xc000010a)
